[0316/230441.252:ERROR:directory_reader_win.cc(43)] FindFirstFile: The system cannot find the path specified. (0x3)
[0316/231609.292:ERROR:directory_reader_win.cc(43)] FindFirstFile: The system cannot find the path specified. (0x3)
[0318/223710.905:ERROR:directory_reader_win.cc(43)] FindFirstFile: The system cannot find the path specified. (0x3)
[0320/211328.256:ERROR:directory_reader_win.cc(43)] FindFirstFile: The system cannot find the path specified. (0x3)
[0321/211328.280:ERROR:directory_reader_win.cc(43)] FindFirstFile: The system cannot find the path specified. (0x3)
[0407/105216.923:ERROR:directory_reader_win.cc(43)] FindFirstFile: The system cannot find the path specified. (0x3)
[0408/142328.382:ERROR:directory_reader_win.cc(43)] FindFirstFile: The system cannot find the path specified. (0x3)
[0408/181147.011:ERROR:directory_reader_win.cc(43)] FindFirstFile: The system cannot find the path specified. (0x3)
[0411/093901.120:ERROR:directory_reader_win.cc(43)] FindFirstFile: The system cannot find the path specified. (0x3)
[0411/110008.692:ERROR:process_memory_win.cc(73)] ReadMemory at 0x7ff771e50000 of 64 bytes failed: Only part of a ReadProcessMemory or WriteProcessMemory request was completed. (0x12B)
[0411/110008.695:WARNING:pe_image_reader.cc(340)] could not read dos header from C:\Program Files (x86)\Google\Chrome\Application\chrome.exe
[0411/110008.695:ERROR:process_memory_win.cc(73)] ReadMemory at 0x7ffa9bfd0000 of 64 bytes failed: Only part of a ReadProcessMemory or WriteProcessMemory request was completed. (0x12B)
[0411/110008.695:WARNING:pe_image_reader.cc(340)] could not read dos header from C:\WINDOWS\SYSTEM32\ntdll.dll
[0411/110008.695:ERROR:process_memory_win.cc(73)] ReadMemory at 0x7ffa9b400000 of 64 bytes failed: Only part of a ReadProcessMemory or WriteProcessMemory request was completed. (0x12B)
[0411/110008.695:WARNING:pe_image_reader.cc(340)] could not read dos header from C:\WINDOWS\System32\KERNEL32.DLL
[0411/110008.695:ERROR:process_memory_win.cc(73)] ReadMemory at 0x7ffa998a0000 of 64 bytes failed: Only part of a ReadProcessMemory or WriteProcessMemory request was completed. (0x12B)
[0411/110008.695:WARNING:pe_image_reader.cc(340)] could not read dos header from C:\WINDOWS\System32\KERNELBASE.dll
[0411/110008.695:ERROR:process_memory_win.cc(73)] ReadMemory at 0x7ffa92fc0000 of 64 bytes failed: Only part of a ReadProcessMemory or WriteProcessMemory request was completed. (0x12B)
[0411/110008.695:WARNING:pe_image_reader.cc(340)] could not read dos header from C:\WINDOWS\SYSTEM32\apphelp.dll
[0411/110008.695:ERROR:process_memory_win.cc(73)] ReadMemory at 0x71380000 of 64 bytes failed: Only part of a ReadProcessMemory or WriteProcessMemory request was completed. (0x12B)
[0411/110008.695:WARNING:pe_image_reader.cc(340)] could not read dos header from C:\WINDOWS\System32\SYSFER.DLL
[0411/110008.695:ERROR:process_memory_win.cc(73)] ReadMemory at 0x7ffa9aac0000 of 64 bytes failed: Only part of a ReadProcessMemory or WriteProcessMemory request was completed. (0x12B)
[0411/110008.695:WARNING:pe_image_reader.cc(340)] could not read dos header from C:\WINDOWS\System32\ADVAPI32.dll
[0411/110008.695:ERROR:process_memory_win.cc(73)] ReadMemory at 0x7ffa9b7a0000 of 64 bytes failed: Only part of a ReadProcessMemory or WriteProcessMemory request was completed. (0x12B)
[0411/110008.695:WARNING:pe_image_reader.cc(340)] could not read dos header from C:\WINDOWS\System32\msvcrt.dll
[0411/110008.696:ERROR:process_memory_win.cc(73)] ReadMemory at 0x7ffa9aed0000 of 64 bytes failed: Only part of a ReadProcessMemory or WriteProcessMemory request was completed. (0x12B)
[0411/110008.696:WARNING:pe_image_reader.cc(340)] could not read dos header from C:\WINDOWS\System32\sechost.dll
[0411/110008.696:ERROR:process_memory_win.cc(73)] ReadMemory at 0x7ffa9afa0000 of 64 bytes failed: Only part of a ReadProcessMemory or WriteProcessMemory request was completed. (0x12B)
[0411/110008.696:WARNING:pe_image_reader.cc(340)] could not read dos header from C:\WINDOWS\System32\RPCRT4.dll
[0411/110008.696:ERROR:process_memory_win.cc(73)] ReadMemory at 0x7ffa54bd0000 of 64 bytes failed: Only part of a ReadProcessMemory or WriteProcessMemory request was completed. (0x12B)
[0411/110008.697:WARNING:pe_image_reader.cc(340)] could not read dos header from C:\Program Files (x86)\Google\Chrome\Application\87.0.4280.141\chrome_elf.dll
[0411/110008.697:ERROR:process_memory_win.cc(73)] ReadMemory at 0x7ffa93130000 of 64 bytes failed: Only part of a ReadProcessMemory or WriteProcessMemory request was completed. (0x12B)
[0411/110008.697:WARNING:pe_image_reader.cc(340)] could not read dos header from C:\WINDOWS\SYSTEM32\VERSION.dll
[0411/110008.697:ERROR:process_memory_win.cc(73)] ReadMemory at 0x7ffa9b670000 of 64 bytes failed: Only part of a ReadProcessMemory or WriteProcessMemory request was completed. (0x12B)
[0411/110008.697:WARNING:pe_image_reader.cc(340)] could not read dos header from C:\WINDOWS\System32\psapi.dll
[0411/110008.697:ERROR:process_memory_win.cc(73)] ReadMemory at 0x7ffa43750000 of 64 bytes failed: Only part of a ReadProcessMemory or WriteProcessMemory request was completed. (0x12B)
[0411/110008.697:WARNING:pe_image_reader.cc(340)] could not read dos header from C:\Program Files (x86)\Google\Chrome\Application\87.0.4280.141\chrome.dll
[0411/110008.697:ERROR:process_memory_win.cc(73)] ReadMemory at 0x7ffa9b600000 of 64 bytes failed: Only part of a ReadProcessMemory or WriteProcessMemory request was completed. (0x12B)
[0411/110008.697:WARNING:pe_image_reader.cc(340)] could not read dos header from C:\WINDOWS\System32\WS2_32.dll
[0411/110008.697:ERROR:process_memory_win.cc(73)] ReadMemory at 0x7ffa9a330000 of 64 bytes failed: Only part of a ReadProcessMemory or WriteProcessMemory request was completed. (0x12B)
[0411/110008.697:WARNING:pe_image_reader.cc(340)] could not read dos header from C:\WINDOWS\System32\OLEAUT32.dll
[0411/110008.697:ERROR:process_memory_win.cc(73)] ReadMemory at 0x7ffa99e40000 of 64 bytes failed: Only part of a ReadProcessMemory or WriteProcessMemory request was completed. (0x12B)
[0411/110008.697:WARNING:pe_image_reader.cc(340)] could not read dos header from C:\WINDOWS\System32\msvcp_win.dll
[0411/110008.697:ERROR:process_memory_win.cc(73)] ReadMemory at 0x7ffa99ee0000 of 64 bytes failed: Only part of a ReadProcessMemory or WriteProcessMemory request was completed. (0x12B)
[0411/110008.697:WARNING:pe_image_reader.cc(340)] could not read dos header from C:\WINDOWS\System32\ucrtbase.dll
[0411/110008.697:ERROR:process_memory_win.cc(73)] ReadMemory at 0x7ffa9ab70000 of 64 bytes failed: Only part of a ReadProcessMemory or WriteProcessMemory request was completed. (0x12B)
[0411/110008.697:WARNING:pe_image_reader.cc(340)] could not read dos header from C:\WINDOWS\System32\combase.dll
[0411/110008.697:ERROR:process_memory_win.cc(73)] ReadMemory at 0x7ffa99b70000 of 64 bytes failed: Only part of a ReadProcessMemory or WriteProcessMemory request was completed. (0x12B)
[0411/110008.697:WARNING:pe_image_reader.cc(340)] could not read dos header from C:\WINDOWS\System32\WINTRUST.dll
[0411/110008.697:ERROR:process_memory_win.cc(73)] ReadMemory at 0x7ffa99740000 of 64 bytes failed: Only part of a ReadProcessMemory or WriteProcessMemory request was completed. (0x12B)
[0411/110008.697:WARNING:pe_image_reader.cc(340)] could not read dos header from C:\WINDOWS\System32\CRYPT32.dll
[0411/110008.697:ERROR:process_memory_win.cc(73)] ReadMemory at 0x7ffa99140000 of 64 bytes failed: Only part of a ReadProcessMemory or WriteProcessMemory request was completed. (0x12B)
[0411/110008.697:WARNING:pe_image_reader.cc(340)] could not read dos header from C:\WINDOWS\SYSTEM32\dbghelp.dll
[0411/110008.697:ERROR:process_memory_win.cc(73)] ReadMemory at 0x7ffa983f0000 of 64 bytes failed: Only part of a ReadProcessMemory or WriteProcessMemory request was completed. (0x12B)
[0411/110008.697:WARNING:pe_image_reader.cc(340)] could not read dos header from C:\WINDOWS\SYSTEM32\IPHLPAPI.DLL
[0411/110008.698:ERROR:process_memory_win.cc(73)] ReadMemory at 0x7ffa822c0000 of 64 bytes failed: Only part of a ReadProcessMemory or WriteProcessMemory request was completed. (0x12B)
[0411/110008.698:WARNING:pe_image_reader.cc(340)] could not read dos header from C:\WINDOWS\SYSTEM32\WINMM.dll
[0411/110008.698:ERROR:process_memory_win.cc(73)] ReadMemory at 0x7ffa5d0a0000 of 64 bytes failed: Only part of a ReadProcessMemory or WriteProcessMemory request was completed. (0x12B)
[0411/110008.698:WARNING:pe_image_reader.cc(340)] could not read dos header from C:\WINDOWS\SYSTEM32\UIAutomationCore.DLL
[0411/110008.698:ERROR:process_memory_win.cc(73)] ReadMemory at 0x7ffa93140000 of 64 bytes failed: Only part of a ReadProcessMemory or WriteProcessMemory request was completed. (0x12B)
[0411/110008.698:WARNING:pe_image_reader.cc(340)] could not read dos header from C:\WINDOWS\SYSTEM32\Secur32.dll
[0411/110008.698:ERROR:process_memory_win.cc(73)] ReadMemory at 0x7ffa99610000 of 64 bytes failed: Only part of a ReadProcessMemory or WriteProcessMemory request was completed. (0x12B)
[0411/110008.698:WARNING:pe_image_reader.cc(340)] could not read dos header from C:\WINDOWS\SYSTEM32\USERENV.dll
[0411/110008.698:ERROR:process_memory_win.cc(73)] ReadMemory at 0x7ffa833f0000 of 64 bytes failed: Only part of a ReadProcessMemory or WriteProcessMemory request was completed. (0x12B)
[0411/110008.698:WARNING:pe_image_reader.cc(340)] could not read dos header from C:\WINDOWS\SYSTEM32\DWrite.dll
[0411/110008.698:ERROR:process_memory_win.cc(73)] ReadMemory at 0x7ffa7fb90000 of 64 bytes failed: Only part of a ReadProcessMemory or WriteProcessMemory request was completed. (0x12B)
[0411/110008.698:WARNING:pe_image_reader.cc(340)] could not read dos header from C:\WINDOWS\SYSTEM32\WINSPOOL.DRV
[0411/110008.698:ERROR:process_memory_win.cc(73)] ReadMemory at 0x7ffa87fe0000 of 64 bytes failed: Only part of a ReadProcessMemory or WriteProcessMemory request was completed. (0x12B)
[0411/110008.698:WARNING:pe_image_reader.cc(340)] could not read dos header from C:\WINDOWS\SYSTEM32\WINHTTP.dll
[0411/110008.698:ERROR:process_memory_win.cc(73)] ReadMemory at 0x7ffa8e030000 of 64 bytes failed: Only part of a ReadProcessMemory or WriteProcessMemory request was completed. (0x12B)
[0411/110008.698:WARNING:pe_image_reader.cc(340)] could not read dos header from C:\WINDOWS\SYSTEM32\dhcpcsvc.DLL
[0411/110008.698:ERROR:process_memory_win.cc(73)] ReadMemory at 0x7ffa90e10000 of 64 bytes failed: Only part of a ReadProcessMemory or WriteProcessMemory request was completed. (0x12B)
[0411/110008.698:WARNING:pe_image_reader.cc(340)] could not read dos header from C:\WINDOWS\SYSTEM32\PROPSYS.dll
[0411/110008.698:ERROR:process_memory_win.cc(73)] ReadMemory at 0x7ffa995d0000 of 64 bytes failed: Only part of a ReadProcessMemory or WriteProcessMemory request was completed. (0x12B)
[0411/110008.698:WARNING:pe_image_reader.cc(340)] could not read dos header from C:\WINDOWS\SYSTEM32\SSPICLI.DLL
[0411/110008.698:ERROR:process_memory_win.cc(73)] ReadMemory at 0x7ffa98ed0000 of 64 bytes failed: Only part of a ReadProcessMemory or WriteProcessMemory request was completed. (0x12B)
[0411/110008.698:WARNING:pe_image_reader.cc(340)] could not read dos header from C:\WINDOWS\System32\MSASN1.dll
[0411/110008.698:ERROR:process_memory_win.cc(73)] ReadMemory at 0x7ffa99bd0000 of 64 bytes failed: Only part of a ReadProcessMemory or WriteProcessMemory request was completed. (0x12B)
[0411/110008.698:WARNING:pe_image_reader.cc(340)] could not read dos header from C:\WINDOWS\System32\bcryptPrimitives.dll
[0411/110008.698:ERROR:process_memory_win.cc(73)] ReadMemory at 0x7ffa98cc0000 of 64 bytes failed: Only part of a ReadProcessMemory or WriteProcessMemory request was completed. (0x12B)
[0411/110008.699:WARNING:pe_image_reader.cc(340)] could not read dos header from C:\WINDOWS\SYSTEM32\CRYPTBASE.DLL
[0411/110008.708:ERROR:process_memory_win.cc(73)] ReadMemory at 0x7ff771e50000 of 64 bytes failed: Only part of a ReadProcessMemory or WriteProcessMemory request was completed. (0x12B)
[0411/110008.708:WARNING:pe_image_reader.cc(340)] could not read dos header from C:\Program Files (x86)\Google\Chrome\Application\chrome.exe
[0411/110008.708:ERROR:process_memory_win.cc(73)] ReadMemory at 0x7ffa9bfd0000 of 64 bytes failed: Only part of a ReadProcessMemory or WriteProcessMemory request was completed. (0x12B)
[0411/110008.709:WARNING:pe_image_reader.cc(340)] could not read dos header from C:\WINDOWS\SYSTEM32\ntdll.dll
[0411/110008.709:ERROR:process_memory_win.cc(73)] ReadMemory at 0x7ffa9b400000 of 64 bytes failed: Only part of a ReadProcessMemory or WriteProcessMemory request was completed. (0x12B)
[0411/110008.709:WARNING:pe_image_reader.cc(340)] could not read dos header from C:\WINDOWS\System32\KERNEL32.DLL
[0411/110008.709:ERROR:process_memory_win.cc(73)] ReadMemory at 0x7ffa998a0000 of 64 bytes failed: Only part of a ReadProcessMemory or WriteProcessMemory request was completed. (0x12B)
[0411/110008.709:WARNING:pe_image_reader.cc(340)] could not read dos header from C:\WINDOWS\System32\KERNELBASE.dll
[0411/110008.709:ERROR:process_memory_win.cc(73)] ReadMemory at 0x7ffa92fc0000 of 64 bytes failed: Only part of a ReadProcessMemory or WriteProcessMemory request was completed. (0x12B)
[0411/110008.709:WARNING:pe_image_reader.cc(340)] could not read dos header from C:\WINDOWS\SYSTEM32\apphelp.dll
[0411/110008.709:ERROR:process_memory_win.cc(73)] ReadMemory at 0x71380000 of 64 bytes failed: Only part of a ReadProcessMemory or WriteProcessMemory request was completed. (0x12B)
[0411/110008.709:WARNING:pe_image_reader.cc(340)] could not read dos header from C:\WINDOWS\System32\SYSFER.DLL
[0411/110008.709:ERROR:process_memory_win.cc(73)] ReadMemory at 0x7ffa9aac0000 of 64 bytes failed: Only part of a ReadProcessMemory or WriteProcessMemory request was completed. (0x12B)
[0411/110008.709:WARNING:pe_image_reader.cc(340)] could not read dos header from C:\WINDOWS\System32\ADVAPI32.dll
[0411/110008.709:ERROR:process_memory_win.cc(73)] ReadMemory at 0x7ffa9b7a0000 of 64 bytes failed: Only part of a ReadProcessMemory or WriteProcessMemory request was completed. (0x12B)
[0411/110008.709:WARNING:pe_image_reader.cc(340)] could not read dos header from C:\WINDOWS\System32\msvcrt.dll
[0411/110008.709:ERROR:process_memory_win.cc(73)] ReadMemory at 0x7ffa9aed0000 of 64 bytes failed: Only part of a ReadProcessMemory or WriteProcessMemory request was completed. (0x12B)
[0411/110008.709:WARNING:pe_image_reader.cc(340)] could not read dos header from C:\WINDOWS\System32\sechost.dll
[0411/110008.709:ERROR:process_memory_win.cc(73)] ReadMemory at 0x7ffa9afa0000 of 64 bytes failed: Only part of a ReadProcessMemory or WriteProcessMemory request was completed. (0x12B)
[0411/110008.709:WARNING:pe_image_reader.cc(340)] could not read dos header from C:\WINDOWS\System32\RPCRT4.dll
[0411/110008.709:ERROR:process_memory_win.cc(73)] ReadMemory at 0x7ffa54bd0000 of 64 bytes failed: Only part of a ReadProcessMemory or WriteProcessMemory request was completed. (0x12B)
[0411/110008.709:WARNING:pe_image_reader.cc(340)] could not read dos header from C:\Program Files (x86)\Google\Chrome\Application\87.0.4280.141\chrome_elf.dll
[0411/110008.709:ERROR:process_memory_win.cc(73)] ReadMemory at 0x7ffa93130000 of 64 bytes failed: Only part of a ReadProcessMemory or WriteProcessMemory request was completed. (0x12B)
[0411/110008.709:WARNING:pe_image_reader.cc(340)] could not read dos header from C:\WINDOWS\SYSTEM32\VERSION.dll
[0411/110008.709:ERROR:process_memory_win.cc(73)] ReadMemory at 0x7ffa9b670000 of 64 bytes failed: Only part of a ReadProcessMemory or WriteProcessMemory request was completed. (0x12B)
[0411/110008.709:WARNING:pe_image_reader.cc(340)] could not read dos header from C:\WINDOWS\System32\psapi.dll
[0411/110008.709:ERROR:process_memory_win.cc(73)] ReadMemory at 0x7ffa43750000 of 64 bytes failed: Only part of a ReadProcessMemory or WriteProcessMemory request was completed. (0x12B)
[0411/110008.709:WARNING:pe_image_reader.cc(340)] could not read dos header from C:\Program Files (x86)\Google\Chrome\Application\87.0.4280.141\chrome.dll
[0411/110008.709:ERROR:process_memory_win.cc(73)] ReadMemory at 0x7ffa9b600000 of 64 bytes failed: Only part of a ReadProcessMemory or WriteProcessMemory request was completed. (0x12B)
[0411/110008.709:WARNING:pe_image_reader.cc(340)] could not read dos header from C:\WINDOWS\System32\WS2_32.dll
[0411/110008.709:ERROR:process_memory_win.cc(73)] ReadMemory at 0x7ffa9a330000 of 64 bytes failed: Only part of a ReadProcessMemory or WriteProcessMemory request was completed. (0x12B)
[0411/110008.709:WARNING:pe_image_reader.cc(340)] could not read dos header from C:\WINDOWS\System32\OLEAUT32.dll
[0411/110008.709:ERROR:process_memory_win.cc(73)] ReadMemory at 0x7ffa99e40000 of 64 bytes failed: Only part of a ReadProcessMemory or WriteProcessMemory request was completed. (0x12B)
[0411/110008.709:WARNING:pe_image_reader.cc(340)] could not read dos header from C:\WINDOWS\System32\msvcp_win.dll
[0411/110008.709:ERROR:process_memory_win.cc(73)] ReadMemory at 0x7ffa99ee0000 of 64 bytes failed: Only part of a ReadProcessMemory or WriteProcessMemory request was completed. (0x12B)
[0411/110008.709:WARNING:pe_image_reader.cc(340)] could not read dos header from C:\WINDOWS\System32\ucrtbase.dll
[0411/110008.709:ERROR:process_memory_win.cc(73)] ReadMemory at 0x7ffa9ab70000 of 64 bytes failed: Only part of a ReadProcessMemory or WriteProcessMemory request was completed. (0x12B)
[0411/110008.709:WARNING:pe_image_reader.cc(340)] could not read dos header from C:\WINDOWS\System32\combase.dll
[0411/110008.709:ERROR:process_memory_win.cc(73)] ReadMemory at 0x7ffa99b70000 of 64 bytes failed: Only part of a ReadProcessMemory or WriteProcessMemory request was completed. (0x12B)
[0411/110008.709:WARNING:pe_image_reader.cc(340)] could not read dos header from C:\WINDOWS\System32\WINTRUST.dll
[0411/110008.709:ERROR:process_memory_win.cc(73)] ReadMemory at 0x7ffa99740000 of 64 bytes failed: Only part of a ReadProcessMemory or WriteProcessMemory request was completed. (0x12B)
[0411/110008.709:WARNING:pe_image_reader.cc(340)] could not read dos header from C:\WINDOWS\System32\CRYPT32.dll
[0411/110008.709:ERROR:process_memory_win.cc(73)] ReadMemory at 0x7ffa99140000 of 64 bytes failed: Only part of a ReadProcessMemory or WriteProcessMemory request was completed. (0x12B)
[0411/110008.709:WARNING:pe_image_reader.cc(340)] could not read dos header from C:\WINDOWS\SYSTEM32\dbghelp.dll
[0411/110008.710:ERROR:process_memory_win.cc(73)] ReadMemory at 0x7ffa983f0000 of 64 bytes failed: Only part of a ReadProcessMemory or WriteProcessMemory request was completed. (0x12B)
[0411/110008.710:WARNING:pe_image_reader.cc(340)] could not read dos header from C:\WINDOWS\SYSTEM32\IPHLPAPI.DLL
[0411/110008.710:ERROR:process_memory_win.cc(73)] ReadMemory at 0x7ffa822c0000 of 64 bytes failed: Only part of a ReadProcessMemory or WriteProcessMemory request was completed. (0x12B)
[0411/110008.710:WARNING:pe_image_reader.cc(340)] could not read dos header from C:\WINDOWS\SYSTEM32\WINMM.dll
[0411/110008.710:ERROR:process_memory_win.cc(73)] ReadMemory at 0x7ffa5d0a0000 of 64 bytes failed: Only part of a ReadProcessMemory or WriteProcessMemory request was completed. (0x12B)
[0411/110008.710:WARNING:pe_image_reader.cc(340)] could not read dos header from C:\WINDOWS\SYSTEM32\UIAutomationCore.DLL
[0411/110008.710:ERROR:process_memory_win.cc(73)] ReadMemory at 0x7ffa93140000 of 64 bytes failed: Only part of a ReadProcessMemory or WriteProcessMemory request was completed. (0x12B)
[0411/110008.710:WARNING:pe_image_reader.cc(340)] could not read dos header from C:\WINDOWS\SYSTEM32\Secur32.dll
[0411/110008.710:ERROR:process_memory_win.cc(73)] ReadMemory at 0x7ffa99610000 of 64 bytes failed: Only part of a ReadProcessMemory or WriteProcessMemory request was completed. (0x12B)
[0411/110008.710:WARNING:pe_image_reader.cc(340)] could not read dos header from C:\WINDOWS\SYSTEM32\USERENV.dll
[0411/110008.710:ERROR:process_memory_win.cc(73)] ReadMemory at 0x7ffa833f0000 of 64 bytes failed: Only part of a ReadProcessMemory or WriteProcessMemory request was completed. (0x12B)
[0411/110008.710:WARNING:pe_image_reader.cc(340)] could not read dos header from C:\WINDOWS\SYSTEM32\DWrite.dll
[0411/110008.710:ERROR:process_memory_win.cc(73)] ReadMemory at 0x7ffa7fb90000 of 64 bytes failed: Only part of a ReadProcessMemory or WriteProcessMemory request was completed. (0x12B)
[0411/110008.710:WARNING:pe_image_reader.cc(340)] could not read dos header from C:\WINDOWS\SYSTEM32\WINSPOOL.DRV
[0411/110008.710:ERROR:process_memory_win.cc(73)] ReadMemory at 0x7ffa87fe0000 of 64 bytes failed: Only part of a ReadProcessMemory or WriteProcessMemory request was completed. (0x12B)
[0411/110008.710:WARNING:pe_image_reader.cc(340)] could not read dos header from C:\WINDOWS\SYSTEM32\WINHTTP.dll
[0411/110008.710:ERROR:process_memory_win.cc(73)] ReadMemory at 0x7ffa8e030000 of 64 bytes failed: Only part of a ReadProcessMemory or WriteProcessMemory request was completed. (0x12B)
[0411/110008.710:WARNING:pe_image_reader.cc(340)] could not read dos header from C:\WINDOWS\SYSTEM32\dhcpcsvc.DLL
[0411/110008.710:ERROR:process_memory_win.cc(73)] ReadMemory at 0x7ffa90e10000 of 64 bytes failed: Only part of a ReadProcessMemory or WriteProcessMemory request was completed. (0x12B)
[0411/110008.710:WARNING:pe_image_reader.cc(340)] could not read dos header from C:\WINDOWS\SYSTEM32\PROPSYS.dll
[0411/110008.710:ERROR:process_memory_win.cc(73)] ReadMemory at 0x7ffa995d0000 of 64 bytes failed: Only part of a ReadProcessMemory or WriteProcessMemory request was completed. (0x12B)
[0411/110008.710:WARNING:pe_image_reader.cc(340)] could not read dos header from C:\WINDOWS\SYSTEM32\SSPICLI.DLL
[0411/110008.710:ERROR:process_memory_win.cc(73)] ReadMemory at 0x7ffa98ed0000 of 64 bytes failed: Only part of a ReadProcessMemory or WriteProcessMemory request was completed. (0x12B)
[0411/110008.710:WARNING:pe_image_reader.cc(340)] could not read dos header from C:\WINDOWS\System32\MSASN1.dll
[0411/110008.710:ERROR:process_memory_win.cc(73)] ReadMemory at 0x7ffa99bd0000 of 64 bytes failed: Only part of a ReadProcessMemory or WriteProcessMemory request was completed. (0x12B)
[0411/110008.710:WARNING:pe_image_reader.cc(340)] could not read dos header from C:\WINDOWS\System32\bcryptPrimitives.dll
[0411/110008.710:ERROR:process_memory_win.cc(73)] ReadMemory at 0x7ffa98cc0000 of 64 bytes failed: Only part of a ReadProcessMemory or WriteProcessMemory request was completed. (0x12B)
[0411/110008.710:WARNING:pe_image_reader.cc(340)] could not read dos header from C:\WINDOWS\SYSTEM32\CRYPTBASE.DLL
[0411/110008.710:ERROR:process_memory_win.cc(73)] ReadMemory at 0x7ff771e50000 of 64 bytes failed: Only part of a ReadProcessMemory or WriteProcessMemory request was completed. (0x12B)
[0411/110008.710:WARNING:pe_image_reader.cc(340)] could not read dos header from C:\Program Files (x86)\Google\Chrome\Application\chrome.exe
[0411/110008.710:ERROR:process_memory_win.cc(73)] ReadMemory at 0x7ffa9bfd0000 of 64 bytes failed: Only part of a ReadProcessMemory or WriteProcessMemory request was completed. (0x12B)
[0411/110008.710:WARNING:pe_image_reader.cc(340)] could not read dos header from C:\WINDOWS\SYSTEM32\ntdll.dll
[0411/110008.710:ERROR:process_memory_win.cc(73)] ReadMemory at 0x7ffa9b400000 of 64 bytes failed: Only part of a ReadProcessMemory or WriteProcessMemory request was completed. (0x12B)
[0411/110008.710:WARNING:pe_image_reader.cc(340)] could not read dos header from C:\WINDOWS\System32\KERNEL32.DLL
[0411/110008.710:ERROR:process_memory_win.cc(73)] ReadMemory at 0x7ffa998a0000 of 64 bytes failed: Only part of a ReadProcessMemory or WriteProcessMemory request was completed. (0x12B)
[0411/110008.710:WARNING:pe_image_reader.cc(340)] could not read dos header from C:\WINDOWS\System32\KERNELBASE.dll
[0411/110008.710:ERROR:process_memory_win.cc(73)] ReadMemory at 0x7ffa92fc0000 of 64 bytes failed: Only part of a ReadProcessMemory or WriteProcessMemory request was completed. (0x12B)
[0411/110008.710:WARNING:pe_image_reader.cc(340)] could not read dos header from C:\WINDOWS\SYSTEM32\apphelp.dll
[0411/110008.710:ERROR:process_memory_win.cc(73)] ReadMemory at 0x71380000 of 64 bytes failed: Only part of a ReadProcessMemory or WriteProcessMemory request was completed. (0x12B)
[0411/110008.710:WARNING:pe_image_reader.cc(340)] could not read dos header from C:\WINDOWS\System32\SYSFER.DLL
[0411/110008.711:ERROR:process_memory_win.cc(73)] ReadMemory at 0x7ffa9aac0000 of 64 bytes failed: Only part of a ReadProcessMemory or WriteProcessMemory request was completed. (0x12B)
[0411/110008.711:WARNING:pe_image_reader.cc(340)] could not read dos header from C:\WINDOWS\System32\ADVAPI32.dll
[0411/110008.711:ERROR:process_memory_win.cc(73)] ReadMemory at 0x7ffa9b7a0000 of 64 bytes failed: Only part of a ReadProcessMemory or WriteProcessMemory request was completed. (0x12B)
[0411/110008.711:WARNING:pe_image_reader.cc(340)] could not read dos header from C:\WINDOWS\System32\msvcrt.dll
[0411/110008.711:ERROR:process_memory_win.cc(73)] ReadMemory at 0x7ffa9aed0000 of 64 bytes failed: Only part of a ReadProcessMemory or WriteProcessMemory request was completed. (0x12B)
[0411/110008.711:WARNING:pe_image_reader.cc(340)] could not read dos header from C:\WINDOWS\System32\sechost.dll
[0411/110008.711:ERROR:process_memory_win.cc(73)] ReadMemory at 0x7ffa9afa0000 of 64 bytes failed: Only part of a ReadProcessMemory or WriteProcessMemory request was completed. (0x12B)
[0411/110008.711:WARNING:pe_image_reader.cc(340)] could not read dos header from C:\WINDOWS\System32\RPCRT4.dll
[0411/110008.711:ERROR:process_memory_win.cc(73)] ReadMemory at 0x7ffa54bd0000 of 64 bytes failed: Only part of a ReadProcessMemory or WriteProcessMemory request was completed. (0x12B)
[0411/110008.711:WARNING:pe_image_reader.cc(340)] could not read dos header from C:\Program Files (x86)\Google\Chrome\Application\87.0.4280.141\chrome_elf.dll
[0411/110008.711:ERROR:process_memory_win.cc(73)] ReadMemory at 0x7ffa93130000 of 64 bytes failed: Only part of a ReadProcessMemory or WriteProcessMemory request was completed. (0x12B)
[0411/110008.711:WARNING:pe_image_reader.cc(340)] could not read dos header from C:\WINDOWS\SYSTEM32\VERSION.dll
[0411/110008.711:ERROR:process_memory_win.cc(73)] ReadMemory at 0x7ffa9b670000 of 64 bytes failed: Only part of a ReadProcessMemory or WriteProcessMemory request was completed. (0x12B)
[0411/110008.711:WARNING:pe_image_reader.cc(340)] could not read dos header from C:\WINDOWS\System32\psapi.dll
[0411/110008.711:ERROR:process_memory_win.cc(73)] ReadMemory at 0x7ffa43750000 of 64 bytes failed: Only part of a ReadProcessMemory or WriteProcessMemory request was completed. (0x12B)
[0411/110008.711:WARNING:pe_image_reader.cc(340)] could not read dos header from C:\Program Files (x86)\Google\Chrome\Application\87.0.4280.141\chrome.dll
[0411/110008.711:ERROR:process_memory_win.cc(73)] ReadMemory at 0x7ffa9b600000 of 64 bytes failed: Only part of a ReadProcessMemory or WriteProcessMemory request was completed. (0x12B)
[0411/110008.711:WARNING:pe_image_reader.cc(340)] could not read dos header from C:\WINDOWS\System32\WS2_32.dll
[0411/110008.711:ERROR:process_memory_win.cc(73)] ReadMemory at 0x7ffa9a330000 of 64 bytes failed: Only part of a ReadProcessMemory or WriteProcessMemory request was completed. (0x12B)
[0411/110008.711:WARNING:pe_image_reader.cc(340)] could not read dos header from C:\WINDOWS\System32\OLEAUT32.dll
[0411/110008.711:ERROR:process_memory_win.cc(73)] ReadMemory at 0x7ffa99e40000 of 64 bytes failed: Only part of a ReadProcessMemory or WriteProcessMemory request was completed. (0x12B)
[0411/110008.711:WARNING:pe_image_reader.cc(340)] could not read dos header from C:\WINDOWS\System32\msvcp_win.dll
[0411/110008.711:ERROR:process_memory_win.cc(73)] ReadMemory at 0x7ffa99ee0000 of 64 bytes failed: Only part of a ReadProcessMemory or WriteProcessMemory request was completed. (0x12B)
[0411/110008.711:WARNING:pe_image_reader.cc(340)] could not read dos header from C:\WINDOWS\System32\ucrtbase.dll
[0411/110008.711:ERROR:process_memory_win.cc(73)] ReadMemory at 0x7ffa9ab70000 of 64 bytes failed: Only part of a ReadProcessMemory or WriteProcessMemory request was completed. (0x12B)
[0411/110008.711:WARNING:pe_image_reader.cc(340)] could not read dos header from C:\WINDOWS\System32\combase.dll
[0411/110008.711:ERROR:process_memory_win.cc(73)] ReadMemory at 0x7ffa99b70000 of 64 bytes failed: Only part of a ReadProcessMemory or WriteProcessMemory request was completed. (0x12B)
[0411/110008.713:WARNING:pe_image_reader.cc(340)] could not read dos header from C:\WINDOWS\System32\WINTRUST.dll
[0411/110008.713:ERROR:process_memory_win.cc(73)] ReadMemory at 0x7ffa99740000 of 64 bytes failed: Only part of a ReadProcessMemory or WriteProcessMemory request was completed. (0x12B)
[0411/110008.713:WARNING:pe_image_reader.cc(340)] could not read dos header from C:\WINDOWS\System32\CRYPT32.dll
[0411/110008.713:ERROR:process_memory_win.cc(73)] ReadMemory at 0x7ffa99140000 of 64 bytes failed: Only part of a ReadProcessMemory or WriteProcessMemory request was completed. (0x12B)
[0411/110008.713:WARNING:pe_image_reader.cc(340)] could not read dos header from C:\WINDOWS\SYSTEM32\dbghelp.dll
[0411/110008.713:ERROR:process_memory_win.cc(73)] ReadMemory at 0x7ffa983f0000 of 64 bytes failed: Only part of a ReadProcessMemory or WriteProcessMemory request was completed. (0x12B)
[0411/110008.713:WARNING:pe_image_reader.cc(340)] could not read dos header from C:\WINDOWS\SYSTEM32\IPHLPAPI.DLL
[0411/110008.713:ERROR:process_memory_win.cc(73)] ReadMemory at 0x7ffa822c0000 of 64 bytes failed: Only part of a ReadProcessMemory or WriteProcessMemory request was completed. (0x12B)
[0411/110008.713:WARNING:pe_image_reader.cc(340)] could not read dos header from C:\WINDOWS\SYSTEM32\WINMM.dll
[0411/110008.713:ERROR:process_memory_win.cc(73)] ReadMemory at 0x7ffa5d0a0000 of 64 bytes failed: Only part of a ReadProcessMemory or WriteProcessMemory request was completed. (0x12B)
[0411/110008.713:WARNING:pe_image_reader.cc(340)] could not read dos header from C:\WINDOWS\SYSTEM32\UIAutomationCore.DLL
[0411/110008.713:ERROR:process_memory_win.cc(73)] ReadMemory at 0x7ffa93140000 of 64 bytes failed: Only part of a ReadProcessMemory or WriteProcessMemory request was completed. (0x12B)
[0411/110008.713:WARNING:pe_image_reader.cc(340)] could not read dos header from C:\WINDOWS\SYSTEM32\Secur32.dll
[0411/110008.713:ERROR:process_memory_win.cc(73)] ReadMemory at 0x7ffa99610000 of 64 bytes failed: Only part of a ReadProcessMemory or WriteProcessMemory request was completed. (0x12B)
[0411/110008.713:WARNING:pe_image_reader.cc(340)] could not read dos header from C:\WINDOWS\SYSTEM32\USERENV.dll
[0411/110008.713:ERROR:process_memory_win.cc(73)] ReadMemory at 0x7ffa833f0000 of 64 bytes failed: Only part of a ReadProcessMemory or WriteProcessMemory request was completed. (0x12B)
[0411/110008.713:WARNING:pe_image_reader.cc(340)] could not read dos header from C:\WINDOWS\SYSTEM32\DWrite.dll
[0411/110008.713:ERROR:process_memory_win.cc(73)] ReadMemory at 0x7ffa7fb90000 of 64 bytes failed: Only part of a ReadProcessMemory or WriteProcessMemory request was completed. (0x12B)
[0411/110008.713:WARNING:pe_image_reader.cc(340)] could not read dos header from C:\WINDOWS\SYSTEM32\WINSPOOL.DRV
[0411/110008.713:ERROR:process_memory_win.cc(73)] ReadMemory at 0x7ffa87fe0000 of 64 bytes failed: Only part of a ReadProcessMemory or WriteProcessMemory request was completed. (0x12B)
[0411/110008.713:WARNING:pe_image_reader.cc(340)] could not read dos header from C:\WINDOWS\SYSTEM32\WINHTTP.dll
[0411/110008.713:ERROR:process_memory_win.cc(73)] ReadMemory at 0x7ffa8e030000 of 64 bytes failed: Only part of a ReadProcessMemory or WriteProcessMemory request was completed. (0x12B)
[0411/110008.713:WARNING:pe_image_reader.cc(340)] could not read dos header from C:\WINDOWS\SYSTEM32\dhcpcsvc.DLL
[0411/110008.713:ERROR:process_memory_win.cc(73)] ReadMemory at 0x7ffa90e10000 of 64 bytes failed: Only part of a ReadProcessMemory or WriteProcessMemory request was completed. (0x12B)
[0411/110008.713:WARNING:pe_image_reader.cc(340)] could not read dos header from C:\WINDOWS\SYSTEM32\PROPSYS.dll
[0411/110008.713:ERROR:process_memory_win.cc(73)] ReadMemory at 0x7ffa995d0000 of 64 bytes failed: Only part of a ReadProcessMemory or WriteProcessMemory request was completed. (0x12B)
[0411/110008.713:WARNING:pe_image_reader.cc(340)] could not read dos header from C:\WINDOWS\SYSTEM32\SSPICLI.DLL
[0411/110008.713:ERROR:process_memory_win.cc(73)] ReadMemory at 0x7ffa98ed0000 of 64 bytes failed: Only part of a ReadProcessMemory or WriteProcessMemory request was completed. (0x12B)
[0411/110008.713:WARNING:pe_image_reader.cc(340)] could not read dos header from C:\WINDOWS\System32\MSASN1.dll
[0411/110008.713:ERROR:process_memory_win.cc(73)] ReadMemory at 0x7ffa99bd0000 of 64 bytes failed: Only part of a ReadProcessMemory or WriteProcessMemory request was completed. (0x12B)
[0411/110008.713:WARNING:pe_image_reader.cc(340)] could not read dos header from C:\WINDOWS\System32\bcryptPrimitives.dll
[0411/110008.713:ERROR:process_memory_win.cc(73)] ReadMemory at 0x7ffa98cc0000 of 64 bytes failed: Only part of a ReadProcessMemory or WriteProcessMemory request was completed. (0x12B)
[0411/110008.713:WARNING:pe_image_reader.cc(340)] could not read dos header from C:\WINDOWS\SYSTEM32\CRYPTBASE.DLL
[0411/110008.724:ERROR:process_memory_win.cc(73)] ReadMemory at 0xc58afde000 of 139264 bytes failed: Only part of a ReadProcessMemory or WriteProcessMemory request was completed. (0x12B)
[0411/110008.725:ERROR:process_memory_win.cc(73)] ReadMemory at 0xc58b7fe000 of 8192 bytes failed: Only part of a ReadProcessMemory or WriteProcessMemory request was completed. (0x12B)
[0411/110008.725:ERROR:process_memory_win.cc(73)] ReadMemory at 0xc58c7fc000 of 16384 bytes failed: Only part of a ReadProcessMemory or WriteProcessMemory request was completed. (0x12B)
[0411/110008.725:ERROR:process_memory_win.cc(73)] ReadMemory at 0xc58cffc000 of 16384 bytes failed: Only part of a ReadProcessMemory or WriteProcessMemory request was completed. (0x12B)
[0411/110008.725:ERROR:process_memory_win.cc(73)] ReadMemory at 0xc58d7fb000 of 20480 bytes failed: Only part of a ReadProcessMemory or WriteProcessMemory request was completed. (0x12B)
[0411/110008.725:ERROR:process_memory_win.cc(73)] ReadMemory at 0xc58dffe000 of 8192 bytes failed: Only part of a ReadProcessMemory or WriteProcessMemory request was completed. (0x12B)
[0411/110008.725:ERROR:process_memory_win.cc(73)] ReadMemory at 0xc58e7fe000 of 8192 bytes failed: Only part of a ReadProcessMemory or WriteProcessMemory request was completed. (0x12B)
[0411/110008.725:ERROR:process_memory_win.cc(73)] ReadMemory at 0xc58effc000 of 16384 bytes failed: Only part of a ReadProcessMemory or WriteProcessMemory request was completed. (0x12B)
[0411/110008.725:ERROR:process_memory_win.cc(73)] ReadMemory at 0xc58fffe000 of 8192 bytes failed: Only part of a ReadProcessMemory or WriteProcessMemory request was completed. (0x12B)
[0411/110008.725:ERROR:process_memory_win.cc(73)] ReadMemory at 0xc5907fb000 of 20480 bytes failed: Only part of a ReadProcessMemory or WriteProcessMemory request was completed. (0x12B)
[0411/110008.725:ERROR:process_memory_win.cc(73)] ReadMemory at 0xc590ffc000 of 16384 bytes failed: Only part of a ReadProcessMemory or WriteProcessMemory request was completed. (0x12B)
[0411/110008.725:ERROR:process_memory_win.cc(73)] ReadMemory at 0xc5917fc000 of 16384 bytes failed: Only part of a ReadProcessMemory or WriteProcessMemory request was completed. (0x12B)
[0411/110008.725:ERROR:process_memory_win.cc(73)] ReadMemory at 0xc591ffb000 of 20480 bytes failed: Only part of a ReadProcessMemory or WriteProcessMemory request was completed. (0x12B)
[0411/110008.725:ERROR:process_memory_win.cc(73)] ReadMemory at 0xc5927fe000 of 8192 bytes failed: Only part of a ReadProcessMemory or WriteProcessMemory request was completed. (0x12B)
[0411/110008.725:ERROR:process_memory_win.cc(73)] ReadMemory at 0xc58f7fe000 of 8192 bytes failed: Only part of a ReadProcessMemory or WriteProcessMemory request was completed. (0x12B)
[0411/110008.726:ERROR:process_memory_win.cc(73)] ReadMemory at 0xc58bffd000 of 12288 bytes failed: Only part of a ReadProcessMemory or WriteProcessMemory request was completed. (0x12B)
[0411/110008.726:ERROR:process_memory_win.cc(73)] ReadMemory at 0xc592ffd000 of 12288 bytes failed: Only part of a ReadProcessMemory or WriteProcessMemory request was completed. (0x12B)
[0411/110008.726:ERROR:process_memory_win.cc(73)] ReadMemory at 0xc5937f6000 of 40960 bytes failed: Only part of a ReadProcessMemory or WriteProcessMemory request was completed. (0x12B)
[0411/110008.726:ERROR:process_memory_win.cc(73)] ReadMemory at 0xc593ff6000 of 40960 bytes failed: Only part of a ReadProcessMemory or WriteProcessMemory request was completed. (0x12B)
[0411/110008.726:ERROR:process_memory_win.cc(73)] ReadMemory at 0xc5947fd000 of 12288 bytes failed: Only part of a ReadProcessMemory or WriteProcessMemory request was completed. (0x12B)
[0411/110008.726:ERROR:process_memory_win.cc(73)] ReadMemory at 0xc594ffd000 of 12288 bytes failed: Only part of a ReadProcessMemory or WriteProcessMemory request was completed. (0x12B)
[0411/110008.726:ERROR:process_memory_win.cc(73)] ReadMemory at 0xc58a678000 of 852 bytes failed: Only part of a ReadProcessMemory or WriteProcessMemory request was completed. (0x12B)
[0411/110008.726:ERROR:process_memory_win.cc(73)] ReadMemory at 0xc58a679000 of 6024 bytes failed: Only part of a ReadProcessMemory or WriteProcessMemory request was completed. (0x12B)
[0411/110008.726:ERROR:process_memory_win.cc(73)] ReadMemory at 0xc58a67b000 of 6024 bytes failed: Only part of a ReadProcessMemory or WriteProcessMemory request was completed. (0x12B)
[0411/110008.726:ERROR:process_memory_win.cc(73)] ReadMemory at 0xc58a67f000 of 6024 bytes failed: Only part of a ReadProcessMemory or WriteProcessMemory request was completed. (0x12B)
[0411/110008.726:ERROR:process_memory_win.cc(73)] ReadMemory at 0xc58a681000 of 6024 bytes failed: Only part of a ReadProcessMemory or WriteProcessMemory request was completed. (0x12B)
[0411/110008.726:ERROR:process_memory_win.cc(73)] ReadMemory at 0xc58a683000 of 6024 bytes failed: Only part of a ReadProcessMemory or WriteProcessMemory request was completed. (0x12B)
[0411/110008.726:ERROR:process_memory_win.cc(73)] ReadMemory at 0xc58a685000 of 6024 bytes failed: Only part of a ReadProcessMemory or WriteProcessMemory request was completed. (0x12B)
[0411/110008.726:ERROR:process_memory_win.cc(73)] ReadMemory at 0xc58a687000 of 6024 bytes failed: Only part of a ReadProcessMemory or WriteProcessMemory request was completed. (0x12B)
[0411/110008.726:ERROR:process_memory_win.cc(73)] ReadMemory at 0xc58a689000 of 6024 bytes failed: Only part of a ReadProcessMemory or WriteProcessMemory request was completed. (0x12B)
[0411/110008.727:ERROR:process_memory_win.cc(73)] ReadMemory at 0xc58a68d000 of 6024 bytes failed: Only part of a ReadProcessMemory or WriteProcessMemory request was completed. (0x12B)
[0411/110008.727:ERROR:process_memory_win.cc(73)] ReadMemory at 0xc58a68f000 of 6024 bytes failed: Only part of a ReadProcessMemory or WriteProcessMemory request was completed. (0x12B)
[0411/110008.727:ERROR:process_memory_win.cc(73)] ReadMemory at 0xc58a691000 of 6024 bytes failed: Only part of a ReadProcessMemory or WriteProcessMemory request was completed. (0x12B)
[0411/110008.727:ERROR:process_memory_win.cc(73)] ReadMemory at 0xc58a693000 of 6024 bytes failed: Only part of a ReadProcessMemory or WriteProcessMemory request was completed. (0x12B)
[0411/110008.727:ERROR:process_memory_win.cc(73)] ReadMemory at 0xc58a695000 of 6024 bytes failed: Only part of a ReadProcessMemory or WriteProcessMemory request was completed. (0x12B)
[0411/110008.727:ERROR:process_memory_win.cc(73)] ReadMemory at 0xc58a697000 of 6024 bytes failed: Only part of a ReadProcessMemory or WriteProcessMemory request was completed. (0x12B)
[0411/110008.727:ERROR:process_memory_win.cc(73)] ReadMemory at 0xc58a6a3000 of 6024 bytes failed: Only part of a ReadProcessMemory or WriteProcessMemory request was completed. (0x12B)
[0411/110008.727:ERROR:process_memory_win.cc(73)] ReadMemory at 0xc58a6a5000 of 6024 bytes failed: Only part of a ReadProcessMemory or WriteProcessMemory request was completed. (0x12B)
[0411/110008.727:ERROR:process_memory_win.cc(73)] ReadMemory at 0xc58a6a7000 of 6024 bytes failed: Only part of a ReadProcessMemory or WriteProcessMemory request was completed. (0x12B)
[0411/110008.727:ERROR:process_memory_win.cc(73)] ReadMemory at 0xc58a6a9000 of 6024 bytes failed: Only part of a ReadProcessMemory or WriteProcessMemory request was completed. (0x12B)
[0411/110008.727:ERROR:process_memory_win.cc(73)] ReadMemory at 0xc58a6ab000 of 6024 bytes failed: Only part of a ReadProcessMemory or WriteProcessMemory request was completed. (0x12B)
[0411/110008.727:ERROR:process_memory_win.cc(73)] ReadMemory at 0xc58a6ad000 of 6024 bytes failed: Only part of a ReadProcessMemory or WriteProcessMemory request was completed. (0x12B)
[0411/110008.727:ERROR:process_memory_win.cc(73)] ReadMemory at 0xc58a6af000 of 6024 bytes failed: Only part of a ReadProcessMemory or WriteProcessMemory request was completed. (0x12B)
[0411/110008.727:ERROR:process_memory_win.cc(73)] ReadMemory at 0x24bccca2740 of 512 bytes failed: Only part of a ReadProcessMemory or WriteProcessMemory request was completed. (0x12B)
[0411/110008.727:ERROR:process_memory_win.cc(73)] ReadMemory at 0x24bccca4000 of 512 bytes failed: Only part of a ReadProcessMemory or WriteProcessMemory request was completed. (0x12B)
[0411/110008.727:ERROR:process_memory_win.cc(73)] ReadMemory at 0x24bccdc0fe0 of 10472 bytes failed: Only part of a ReadProcessMemory or WriteProcessMemory request was completed. (0x12B)
[0411/110008.728:ERROR:process_memory_win.cc(73)] ReadMemory at 0x24bccdc38d0 of 1012 bytes failed: Only part of a ReadProcessMemory or WriteProcessMemory request was completed. (0x12B)
[0411/110008.728:ERROR:process_memory_win.cc(73)] ReadMemory at 0x24bccdc3f18 of 118 bytes failed: Only part of a ReadProcessMemory or WriteProcessMemory request was completed. (0x12B)
[0411/110008.728:ERROR:process_memory_win.cc(73)] ReadMemory at 0x24bccdc3f90 of 1416 bytes failed: Only part of a ReadProcessMemory or WriteProcessMemory request was completed. (0x12B)
[0411/110008.728:ERROR:process_memory_win.cc(73)] ReadMemory at 0x24bccdc451a of 118 bytes failed: Only part of a ReadProcessMemory or WriteProcessMemory request was completed. (0x12B)
[0411/110008.728:ERROR:process_memory_win.cc(73)] ReadMemory at 0x24bccdc4592 of 102 bytes failed: Only part of a ReadProcessMemory or WriteProcessMemory request was completed. (0x12B)
[0411/110008.728:ERROR:process_memory_win.cc(73)] ReadMemory at 0x24bccdc4610 of 58 bytes failed: Only part of a ReadProcessMemory or WriteProcessMemory request was completed. (0x12B)
[0411/110008.728:ERROR:process_memory_win.cc(73)] ReadMemory at 0x24bccdc4710 of 132 bytes failed: Only part of a ReadProcessMemory or WriteProcessMemory request was completed. (0x12B)
[0411/110008.728:ERROR:process_memory_win.cc(73)] ReadMemory at 0x24bccdc48a0 of 132 bytes failed: Only part of a ReadProcessMemory or WriteProcessMemory request was completed. (0x12B)
[0411/110008.728:ERROR:process_memory_win.cc(73)] ReadMemory at 0x24bccdc4a60 of 126 bytes failed: Only part of a ReadProcessMemory or WriteProcessMemory request was completed. (0x12B)
[0411/110008.728:ERROR:process_memory_win.cc(73)] ReadMemory at 0x24bccdc4f60 of 132 bytes failed: Only part of a ReadProcessMemory or WriteProcessMemory request was completed. (0x12B)
[0411/110008.728:ERROR:process_memory_win.cc(73)] ReadMemory at 0x24bccdc50f0 of 64 bytes failed: Only part of a ReadProcessMemory or WriteProcessMemory request was completed. (0x12B)
[0411/110008.728:ERROR:process_memory_win.cc(73)] ReadMemory at 0x24bccdc5250 of 132 bytes failed: Only part of a ReadProcessMemory or WriteProcessMemory request was completed. (0x12B)
[0411/110008.728:ERROR:process_memory_win.cc(73)] ReadMemory at 0x24bccdc53e0 of 62 bytes failed: Only part of a ReadProcessMemory or WriteProcessMemory request was completed. (0x12B)
[0411/110008.728:ERROR:process_memory_win.cc(73)] ReadMemory at 0x24bccdc5570 of 132 bytes failed: Only part of a ReadProcessMemory or WriteProcessMemory request was completed. (0x12B)
[0411/110008.728:ERROR:process_memory_win.cc(73)] ReadMemory at 0x24bccdc5700 of 68 bytes failed: Only part of a ReadProcessMemory or WriteProcessMemory request was completed. (0x12B)
[0411/110008.728:ERROR:process_memory_win.cc(73)] ReadMemory at 0x24bccdd4ee0 of 60 bytes failed: Only part of a ReadProcessMemory or WriteProcessMemory request was completed. (0x12B)
[0411/110008.728:ERROR:process_memory_win.cc(73)] ReadMemory at 0x24bccdd5160 of 62 bytes failed: Only part of a ReadProcessMemory or WriteProcessMemory request was completed. (0x12B)
[0411/110008.729:ERROR:process_memory_win.cc(73)] ReadMemory at 0x24bccdd51b0 of 62 bytes failed: Only part of a ReadProcessMemory or WriteProcessMemory request was completed. (0x12B)
[0411/110008.729:ERROR:process_memory_win.cc(73)] ReadMemory at 0x24bccdd52a0 of 60 bytes failed: Only part of a ReadProcessMemory or WriteProcessMemory request was completed. (0x12B)
[0411/110008.729:ERROR:process_memory_win.cc(73)] ReadMemory at 0x24bccdd52f0 of 60 bytes failed: Only part of a ReadProcessMemory or WriteProcessMemory request was completed. (0x12B)
[0411/110008.729:ERROR:process_memory_win.cc(73)] ReadMemory at 0x24bccdd5390 of 64 bytes failed: Only part of a ReadProcessMemory or WriteProcessMemory request was completed. (0x12B)
[0411/110008.729:ERROR:process_memory_win.cc(73)] ReadMemory at 0x24bccdd5980 of 132 bytes failed: Only part of a ReadProcessMemory or WriteProcessMemory request was completed. (0x12B)
[0411/110008.729:ERROR:process_memory_win.cc(73)] ReadMemory at 0x24bccdd5ba0 of 132 bytes failed: Only part of a ReadProcessMemory or WriteProcessMemory request was completed. (0x12B)
[0411/110008.729:ERROR:process_memory_win.cc(73)] ReadMemory at 0x24bccdd5ed0 of 132 bytes failed: Only part of a ReadProcessMemory or WriteProcessMemory request was completed. (0x12B)
[0411/110008.729:ERROR:process_memory_win.cc(73)] ReadMemory at 0x24bccdd6230 of 132 bytes failed: Only part of a ReadProcessMemory or WriteProcessMemory request was completed. (0x12B)
[0411/110008.729:ERROR:process_memory_win.cc(73)] ReadMemory at 0x24bccdd65a0 of 132 bytes failed: Only part of a ReadProcessMemory or WriteProcessMemory request was completed. (0x12B)
[0411/110008.729:ERROR:process_memory_win.cc(73)] ReadMemory at 0x24bccdd6b10 of 132 bytes failed: Only part of a ReadProcessMemory or WriteProcessMemory request was completed. (0x12B)
[0411/110008.729:ERROR:process_memory_win.cc(73)] ReadMemory at 0x24bccdd6d20 of 132 bytes failed: Only part of a ReadProcessMemory or WriteProcessMemory request was completed. (0x12B)
[0411/110008.729:ERROR:process_memory_win.cc(73)] ReadMemory at 0x24bccdd6eb0 of 154 bytes failed: Only part of a ReadProcessMemory or WriteProcessMemory request was completed. (0x12B)
[0411/110008.729:ERROR:process_memory_win.cc(73)] ReadMemory at 0x24bccddd840 of 58 bytes failed: Only part of a ReadProcessMemory or WriteProcessMemory request was completed. (0x12B)
[0411/110008.729:ERROR:process_memory_win.cc(73)] ReadMemory at 0x24bccde0080 of 146 bytes failed: Only part of a ReadProcessMemory or WriteProcessMemory request was completed. (0x12B)
[0411/110008.729:ERROR:process_memory_win.cc(73)] ReadMemory at 0x24bccde2330 of 132 bytes failed: Only part of a ReadProcessMemory or WriteProcessMemory request was completed. (0x12B)
[0411/110008.729:ERROR:process_memory_win.cc(73)] ReadMemory at 0x24bccdf2570 of 80 bytes failed: Only part of a ReadProcessMemory or WriteProcessMemory request was completed. (0x12B)
[0411/110008.729:ERROR:process_memory_win.cc(73)] ReadMemory at 0x24bccdfb7c0 of 132 bytes failed: Only part of a ReadProcessMemory or WriteProcessMemory request was completed. (0x12B)
[0411/110008.729:ERROR:process_memory_win.cc(73)] ReadMemory at 0x24bccdfb940 of 58 bytes failed: Only part of a ReadProcessMemory or WriteProcessMemory request was completed. (0x12B)
[0411/110008.729:ERROR:process_memory_win.cc(73)] ReadMemory at 0x24bccdfbb20 of 66 bytes failed: Only part of a ReadProcessMemory or WriteProcessMemory request was completed. (0x12B)
[0411/110008.730:ERROR:process_memory_win.cc(73)] ReadMemory at 0x24bccdfbbc0 of 62 bytes failed: Only part of a ReadProcessMemory or WriteProcessMemory request was completed. (0x12B)
[0411/110008.730:ERROR:process_memory_win.cc(73)] ReadMemory at 0x24bccdfbc10 of 62 bytes failed: Only part of a ReadProcessMemory or WriteProcessMemory request was completed. (0x12B)
[0411/110008.730:ERROR:process_memory_win.cc(73)] ReadMemory at 0x24bccdfbc60 of 64 bytes failed: Only part of a ReadProcessMemory or WriteProcessMemory request was completed. (0x12B)
[0411/110008.730:ERROR:process_memory_win.cc(73)] ReadMemory at 0x24bccdfbd00 of 62 bytes failed: Only part of a ReadProcessMemory or WriteProcessMemory request was completed. (0x12B)
[0411/110008.730:ERROR:process_memory_win.cc(73)] ReadMemory at 0x24bccdfbe40 of 62 bytes failed: Only part of a ReadProcessMemory or WriteProcessMemory request was completed. (0x12B)
[0411/110008.730:ERROR:process_memory_win.cc(73)] ReadMemory at 0x24bccdfbf30 of 60 bytes failed: Only part of a ReadProcessMemory or WriteProcessMemory request was completed. (0x12B)
[0411/110008.730:ERROR:process_memory_win.cc(73)] ReadMemory at 0x24bccdfbfd0 of 62 bytes failed: Only part of a ReadProcessMemory or WriteProcessMemory request was completed. (0x12B)
[0411/110008.730:ERROR:process_memory_win.cc(73)] ReadMemory at 0x24bccdfc110 of 60 bytes failed: Only part of a ReadProcessMemory or WriteProcessMemory request was completed. (0x12B)
[0411/110008.730:ERROR:process_memory_win.cc(73)] ReadMemory at 0x24bccdfc2f0 of 64 bytes failed: Only part of a ReadProcessMemory or WriteProcessMemory request was completed. (0x12B)
[0411/110008.730:ERROR:process_memory_win.cc(73)] ReadMemory at 0x24bccdfc3e0 of 64 bytes failed: Only part of a ReadProcessMemory or WriteProcessMemory request was completed. (0x12B)
[0411/110008.730:ERROR:process_memory_win.cc(73)] ReadMemory at 0x24bccdfc480 of 64 bytes failed: Only part of a ReadProcessMemory or WriteProcessMemory request was completed. (0x12B)
[0411/110008.730:ERROR:process_memory_win.cc(73)] ReadMemory at 0x24bccdfc520 of 64 bytes failed: Only part of a ReadProcessMemory or WriteProcessMemory request was completed. (0x12B)
[0411/110008.730:ERROR:process_memory_win.cc(73)] ReadMemory at 0x24bccdfc570 of 62 bytes failed: Only part of a ReadProcessMemory or WriteProcessMemory request was completed. (0x12B)
[0411/110008.730:ERROR:process_memory_win.cc(73)] ReadMemory at 0x24bccdfc5c0 of 62 bytes failed: Only part of a ReadProcessMemory or WriteProcessMemory request was completed. (0x12B)
[0411/110008.730:ERROR:process_memory_win.cc(73)] ReadMemory at 0x24bccdfc6b0 of 64 bytes failed: Only part of a ReadProcessMemory or WriteProcessMemory request was completed. (0x12B)
[0411/110008.730:ERROR:process_memory_win.cc(73)] ReadMemory at 0x24bccdfc7a0 of 62 bytes failed: Only part of a ReadProcessMemory or WriteProcessMemory request was completed. (0x12B)
[0411/110008.730:ERROR:process_memory_win.cc(73)] ReadMemory at 0x24bccdfd540 of 132 bytes failed: Only part of a ReadProcessMemory or WriteProcessMemory request was completed. (0x12B)
[0411/110008.730:ERROR:process_memory_win.cc(73)] ReadMemory at 0x24bccdfd7a0 of 132 bytes failed: Only part of a ReadProcessMemory or WriteProcessMemory request was completed. (0x12B)
[0411/110008.730:ERROR:process_memory_win.cc(73)] ReadMemory at 0x24bccdfd8d0 of 132 bytes failed: Only part of a ReadProcessMemory or WriteProcessMemory request was completed. (0x12B)
[0411/110008.730:ERROR:process_memory_win.cc(73)] ReadMemory at 0x24bccdfdb30 of 132 bytes failed: Only part of a ReadProcessMemory or WriteProcessMemory request was completed. (0x12B)
[0411/110008.730:ERROR:process_memory_win.cc(73)] ReadMemory at 0x24bccdfdec0 of 132 bytes failed: Only part of a ReadProcessMemory or WriteProcessMemory request was completed. (0x12B)
[0411/110008.730:ERROR:process_memory_win.cc(73)] ReadMemory at 0x24bccdfe250 of 132 bytes failed: Only part of a ReadProcessMemory or WriteProcessMemory request was completed. (0x12B)
[0411/110008.730:ERROR:process_memory_win.cc(73)] ReadMemory at 0x24bccdfe380 of 132 bytes failed: Only part of a ReadProcessMemory or WriteProcessMemory request was completed. (0x12B)
[0411/110008.730:ERROR:process_memory_win.cc(73)] ReadMemory at 0x24bccdfe4b0 of 132 bytes failed: Only part of a ReadProcessMemory or WriteProcessMemory request was completed. (0x12B)
[0411/110008.731:ERROR:process_memory_win.cc(73)] ReadMemory at 0x24bccdfe5e0 of 132 bytes failed: Only part of a ReadProcessMemory or WriteProcessMemory request was completed. (0x12B)
[0411/110008.731:ERROR:process_memory_win.cc(73)] ReadMemory at 0x24bccdfe710 of 132 bytes failed: Only part of a ReadProcessMemory or WriteProcessMemory request was completed. (0x12B)
[0411/110008.731:ERROR:process_memory_win.cc(73)] ReadMemory at 0x24bccdfe840 of 132 bytes failed: Only part of a ReadProcessMemory or WriteProcessMemory request was completed. (0x12B)
[0411/110008.731:ERROR:process_memory_win.cc(73)] ReadMemory at 0x24bccdfeaa0 of 132 bytes failed: Only part of a ReadProcessMemory or WriteProcessMemory request was completed. (0x12B)
[0411/110008.731:ERROR:process_memory_win.cc(73)] ReadMemory at 0x24bccdfebd0 of 132 bytes failed: Only part of a ReadProcessMemory or WriteProcessMemory request was completed. (0x12B)
[0411/110008.731:ERROR:process_memory_win.cc(73)] ReadMemory at 0x24bccdff720 of 132 bytes failed: Only part of a ReadProcessMemory or WriteProcessMemory request was completed. (0x12B)
[0411/110008.731:ERROR:process_memory_win.cc(73)] ReadMemory at 0x24bccdff850 of 132 bytes failed: Only part of a ReadProcessMemory or WriteProcessMemory request was completed. (0x12B)
[0411/110008.731:ERROR:process_memory_win.cc(73)] ReadMemory at 0x24bccdff980 of 132 bytes failed: Only part of a ReadProcessMemory or WriteProcessMemory request was completed. (0x12B)
[0411/110008.731:ERROR:process_memory_win.cc(73)] ReadMemory at 0x24bccdffab0 of 132 bytes failed: Only part of a ReadProcessMemory or WriteProcessMemory request was completed. (0x12B)
[0411/110008.731:ERROR:process_memory_win.cc(73)] ReadMemory at 0x24bccdffbe0 of 132 bytes failed: Only part of a ReadProcessMemory or WriteProcessMemory request was completed. (0x12B)
[0411/110008.731:ERROR:process_memory_win.cc(73)] ReadMemory at 0x24bcce037e0 of 132 bytes failed: Only part of a ReadProcessMemory or WriteProcessMemory request was completed. (0x12B)
[0411/110008.731:ERROR:process_memory_win.cc(73)] ReadMemory at 0x24bcce06160 of 132 bytes failed: Only part of a ReadProcessMemory or WriteProcessMemory request was completed. (0x12B)
[0411/110008.731:ERROR:process_memory_win.cc(73)] ReadMemory at 0x24bcce06290 of 132 bytes failed: Only part of a ReadProcessMemory or WriteProcessMemory request was completed. (0x12B)
[0411/110008.731:ERROR:process_memory_win.cc(73)] ReadMemory at 0x24bcce0a160 of 80 bytes failed: Only part of a ReadProcessMemory or WriteProcessMemory request was completed. (0x12B)
[0411/110008.731:ERROR:process_memory_win.cc(73)] ReadMemory at 0x24bcce16230 of 60 bytes failed: Only part of a ReadProcessMemory or WriteProcessMemory request was completed. (0x12B)
[0411/110008.731:ERROR:process_memory_win.cc(73)] ReadMemory at 0x24bcce18ec0 of 512 bytes failed: Only part of a ReadProcessMemory or WriteProcessMemory request was completed. (0x12B)
[0411/110008.731:ERROR:process_memory_win.cc(73)] ReadMemory at 0x24bcce4df30 of 560 bytes failed: Only part of a ReadProcessMemory or WriteProcessMemory request was completed. (0x12B)
[0411/110008.732:ERROR:process_memory_win.cc(73)] ReadMemory at 0x24bcce4eae0 of 512 bytes failed: Only part of a ReadProcessMemory or WriteProcessMemory request was completed. (0x12B)
[0411/110008.732:ERROR:process_memory_win.cc(73)] ReadMemory at 0x24bcce596d8 of 512 bytes failed: Only part of a ReadProcessMemory or WriteProcessMemory request was completed. (0x12B)
[0411/110008.732:ERROR:process_memory_win.cc(73)] ReadMemory at 0x24bcce5a920 of 512 bytes failed: Only part of a ReadProcessMemory or WriteProcessMemory request was completed. (0x12B)
[0411/110008.732:ERROR:process_memory_win.cc(73)] ReadMemory at 0x24bcce818c0 of 512 bytes failed: Only part of a ReadProcessMemory or WriteProcessMemory request was completed. (0x12B)
[0411/110008.732:ERROR:process_memory_win.cc(73)] ReadMemory at 0x24bcce86160 of 512 bytes failed: Only part of a ReadProcessMemory or WriteProcessMemory request was completed. (0x12B)
[0411/110008.732:ERROR:process_memory_win.cc(73)] ReadMemory at 0x24bcce95150 of 512 bytes failed: Only part of a ReadProcessMemory or WriteProcessMemory request was completed. (0x12B)
[0411/110008.732:ERROR:process_memory_win.cc(73)] ReadMemory at 0x24bcce96900 of 712 bytes failed: Only part of a ReadProcessMemory or WriteProcessMemory request was completed. (0x12B)
[0411/110008.732:ERROR:process_memory_win.cc(73)] ReadMemory at 0x24bccea8f70 of 512 bytes failed: Only part of a ReadProcessMemory or WriteProcessMemory request was completed. (0x12B)
[0411/110008.732:ERROR:process_memory_win.cc(73)] ReadMemory at 0x24bcceb2d10 of 512 bytes failed: Only part of a ReadProcessMemory or WriteProcessMemory request was completed. (0x12B)
[0411/110008.732:ERROR:process_memory_win.cc(73)] ReadMemory at 0x24bce890000 of 384 bytes failed: Only part of a ReadProcessMemory or WriteProcessMemory request was completed. (0x12B)
[0411/110008.732:ERROR:process_memory_win.cc(73)] ReadMemory at 0x24bce8e1810 of 512 bytes failed: Only part of a ReadProcessMemory or WriteProcessMemory request was completed. (0x12B)
[0411/110008.732:ERROR:process_memory_win.cc(73)] ReadMemory at 0x24bceac4010 of 512 bytes failed: Only part of a ReadProcessMemory or WriteProcessMemory request was completed. (0x12B)
[0411/110008.732:ERROR:process_memory_win.cc(73)] ReadMemory at 0x24bceac4610 of 512 bytes failed: Only part of a ReadProcessMemory or WriteProcessMemory request was completed. (0x12B)
[0411/110008.732:ERROR:process_memory_win.cc(73)] ReadMemory at 0x24bceac5810 of 512 bytes failed: Only part of a ReadProcessMemory or WriteProcessMemory request was completed. (0x12B)
[0411/110008.732:ERROR:process_memory_win.cc(73)] ReadMemory at 0x24bceac5b90 of 512 bytes failed: Only part of a ReadProcessMemory or WriteProcessMemory request was completed. (0x12B)
[0411/110008.732:ERROR:process_memory_win.cc(73)] ReadMemory at 0x24bceae1308 of 512 bytes failed: Only part of a ReadProcessMemory or WriteProcessMemory request was completed. (0x12B)
[0411/110008.732:ERROR:process_memory_win.cc(73)] ReadMemory at 0x24bceb8d590 of 512 bytes failed: Only part of a ReadProcessMemory or WriteProcessMemory request was completed. (0x12B)
[0411/110008.733:ERROR:process_memory_win.cc(73)] ReadMemory at 0x24bcee08fb8 of 512 bytes failed: Only part of a ReadProcessMemory or WriteProcessMemory request was completed. (0x12B)
[0411/110008.733:ERROR:process_memory_win.cc(73)] ReadMemory at 0x24bcef55668 of 512 bytes failed: Only part of a ReadProcessMemory or WriteProcessMemory request was completed. (0x12B)
[0411/110008.733:ERROR:process_memory_win.cc(73)] ReadMemory at 0x24bcef8a3e8 of 512 bytes failed: Only part of a ReadProcessMemory or WriteProcessMemory request was completed. (0x12B)
[0411/110008.733:ERROR:process_memory_win.cc(73)] ReadMemory at 0x24bcf6daaa0 of 512 bytes failed: Only part of a ReadProcessMemory or WriteProcessMemory request was completed. (0x12B)
[0411/110008.733:ERROR:process_memory_win.cc(73)] ReadMemory at 0x24bd025ee68 of 512 bytes failed: Only part of a ReadProcessMemory or WriteProcessMemory request was completed. (0x12B)
[0411/110008.733:ERROR:process_memory_win.cc(73)] ReadMemory at 0x24bd0306448 of 512 bytes failed: Only part of a ReadProcessMemory or WriteProcessMemory request was completed. (0x12B)
[0411/110008.734:ERROR:process_memory_win.cc(73)] ReadMemory at 0x24bd0a06058 of 512 bytes failed: Only part of a ReadProcessMemory or WriteProcessMemory request was completed. (0x12B)
[0411/110008.735:ERROR:process_memory_win.cc(73)] ReadMemory at 0x24bd0abf4c0 of 512 bytes failed: Only part of a ReadProcessMemory or WriteProcessMemory request was completed. (0x12B)
[0411/110008.735:ERROR:process_memory_win.cc(73)] ReadMemory at 0x24bd1784130 of 512 bytes failed: Only part of a ReadProcessMemory or WriteProcessMemory request was completed. (0x12B)
[0411/110008.735:ERROR:process_memory_win.cc(73)] ReadMemory at 0x415c08042135 of 512 bytes failed: Only part of a ReadProcessMemory or WriteProcessMemory request was completed. (0x12B)
[0411/110008.735:ERROR:process_memory_win.cc(73)] ReadMemory at 0x415c090b41c5 of 512 bytes failed: Only part of a ReadProcessMemory or WriteProcessMemory request was completed. (0x12B)
[0411/110008.735:ERROR:process_memory_win.cc(73)] ReadMemory at 0x7ffa4588e7e8 of 512 bytes failed: Only part of a ReadProcessMemory or WriteProcessMemory request was completed. (0x12B)
[0411/110008.736:ERROR:process_memory_win.cc(73)] ReadMemory at 0x7ffa465921c0 of 512 bytes failed: Only part of a ReadProcessMemory or WriteProcessMemory request was completed. (0x12B)
[0411/110008.736:ERROR:process_memory_win.cc(73)] ReadMemory at 0x7ffa4b51e7b0 of 512 bytes failed: Only part of a ReadProcessMemory or WriteProcessMemory request was completed. (0x12B)
[0411/110008.736:ERROR:process_memory_win.cc(73)] ReadMemory at 0x7ffa998cd6d9 of 512 bytes failed: Only part of a ReadProcessMemory or WriteProcessMemory request was completed. (0x12B)
[0411/110008.736:ERROR:process_memory_win.cc(73)] ReadMemory at 0x7ffa99b2e7a8 of 512 bytes failed: Only part of a ReadProcessMemory or WriteProcessMemory request was completed. (0x12B)
[0411/110008.736:ERROR:process_memory_win.cc(73)] ReadMemory at 0x7ffa9b424a50 of 512 bytes failed: Only part of a ReadProcessMemory or WriteProcessMemory request was completed. (0x12B)
[0411/110008.736:ERROR:process_memory_win.cc(73)] ReadMemory at 0x7ffa9c06cc14 of 672 bytes failed: Only part of a ReadProcessMemory or WriteProcessMemory request was completed. (0x12B)
[0411/110008.737:ERROR:process_memory_win.cc(73)] ReadMemory at 0x7ffa9c06d214 of 512 bytes failed: Only part of a ReadProcessMemory or WriteProcessMemory request was completed. (0x12B)
[0411/110008.737:ERROR:process_memory_win.cc(73)] ReadMemory at 0x7ffa9c070584 of 608 bytes failed: Only part of a ReadProcessMemory or WriteProcessMemory request was completed. (0x12B)
[0411/110008.737:ERROR:process_memory_win.cc(73)] ReadMemory at 0x7ffa9c100b20 of 18 bytes failed: Only part of a ReadProcessMemory or WriteProcessMemory request was completed. (0x12B)
[0411/110008.737:ERROR:process_memory_win.cc(73)] ReadMemory at 0x7ffa9c1344f8 of 40 bytes failed: Only part of a ReadProcessMemory or WriteProcessMemory request was completed. (0x12B)
[0411/110008.737:ERROR:process_memory_win.cc(73)] ReadMemory at 0x7ffa9c134978 of 48 bytes failed: Only part of a ReadProcessMemory or WriteProcessMemory request was completed. (0x12B)
[0411/110008.737:ERROR:process_memory_win.cc(73)] ReadMemory at 0x7ffa9c13a4c0 of 64 bytes failed: Only part of a ReadProcessMemory or WriteProcessMemory request was completed. (0x12B)
[0411/110008.739:ERROR:scoped_process_suspend.cc(40)] NtResumeProcess: An attempt was made to access an exiting process. (0xc000010a)
[0411/111124.400:ERROR:directory_reader_win.cc(43)] FindFirstFile: The system cannot find the path specified. (0x3)
[0411/115718.184:ERROR:directory_reader_win.cc(43)] FindFirstFile: The system cannot find the path specified. (0x3)
[0411/124019.513:ERROR:process_info.cc(359)] UncheckedAllocate
[0411/124019.529:ERROR:process_info.cc(359)] UncheckedAllocate
